
Showing logs for build [32mdanielma911-aks-http-demo-maste-1[0m stage [32mmeta-pipeline[0m and container [32mstep-credential-initializer-rvpmt[0m
{"level":"warn","ts":1567323761.707098,"logger":"fallback-logger","caller":"logging/config.go:69","msg":"Fetch GitHub commit ID from kodata failed: \"ref: refs/heads/master\" is not a valid GitHub commit ID"}
{"level":"info","ts":1567323761.7074196,"logger":"fallback-logger","caller":"creds-init/main.go:40","msg":"Credentials initialized."}

Showing logs for build [32mdanielma911-aks-http-demo-maste-1[0m stage [32mmeta-pipeline[0m and container [32mstep-working-dir-initializer-c2zlx[0m
{"level":"warn","ts":1567323763.9983764,"logger":"fallback-logger","caller":"logging/config.go:69","msg":"Fetch GitHub commit ID from kodata failed: open /var/run/ko/HEAD: no such file or directory"}
{"level":"info","ts":1567323763.9999862,"logger":"fallback-logger","caller":"bash/main.go:65","msg":"Successfully executed command \"mkdir -p /workspace/source\""}

Showing logs for build [32mdanielma911-aks-http-demo-maste-1[0m stage [32mmeta-pipeline[0m and container [32mstep-place-tools[0m

Showing logs for build [32mdanielma911-aks-http-demo-maste-1[0m stage [32mmeta-pipeline[0m and container [32mstep-git-source-meta-danielma911-aks-http-demo-zxlxh[0m
{"level":"warn","ts":1567323784.2405303,"logger":"fallback-logger","caller":"logging/config.go:69","msg":"Fetch GitHub commit ID from kodata failed: \"ref: refs/heads/master\" is not a valid GitHub commit ID"}
{"level":"info","ts":1567323784.7783678,"logger":"fallback-logger","caller":"git/git.go:102","msg":"Successfully cloned https://github.com/***********/aks-http-demo.git @ 90921e1dd6487b1edfbc65784fe7b8b8151b2507 in path /workspace/source"}

Showing logs for build [32mdanielma911-aks-http-demo-maste-1[0m stage [32mmeta-pipeline[0m and container [32mstep-git-merge[0m
Using SHAs from PULL_REFS=master:90921e1dd6487b1edfbc65784fe7b8b8151b2507
WARNING: no SHAs to merge, falling back to initial cloned commit

Showing logs for build [32mdanielma911-aks-http-demo-maste-1[0m stage [32mmeta-pipeline[0m and container [32mstep-merge-pull-refs[0m
SKIP merge-pull-refs: Nothing to merge

Showing logs for build [32mdanielma911-aks-http-demo-maste-1[0m stage [32mmeta-pipeline[0m and container [32mstep-create-effective-pipeline[0m
Deleting and cloning the Jenkins X versions repo
Cloning the Jenkins X versions repo https://github.com/jenkins-x/jenkins-x-versions.git with ref refs/heads/master to /builder/home/.**/jenkins-x-versions
Effective pipeline written to jenkins-x-effective.yml

Showing logs for build [32mdanielma911-aks-http-demo-maste-1[0m stage [32mmeta-pipeline[0m and container [32mstep-create-tekton-crds[0m
running command: echo \$(**-release-version) > VERSION

running command: ** step tag --version \$(cat VERSION)
Updating chart version in charts/aks-http-demo/Chart.yaml to 0.0.1
Updating repository in charts/aks-http-demo/values.yaml to foenebula.azurecr.io/***********/aks-http-demo
Updating tag in charts/aks-http-demo/values.yaml to 0.0.1
Tag v0.0.1 created and pushed to remote origin

WARNING: failed to find secret kaniko-secret in namespace **: secrets "kaniko-secret" not found
PipelineActivity for ***********-aks-http-demo-master-1
Applying changes 
upserted PipelineResource ***********-aks-http-demo-maste for the git repository https://github.com/***********/aks-http-demo.git
upserted Task ***********-aks-http-demo-maste-from-build-pack-1
upserted Pipeline ***********-aks-http-demo-maste-1
created PipelineRun ***********-aks-http-demo-maste-1
created PipelineStructure ***********-aks-http-demo-maste-1

Showing logs for build [32mdanielma911-aks-http-demo-maste-1[0m stage [32mfrom-build-pack[0m and container [32mstep-credential-initializer-zvpmv[0m
{"level":"warn","ts":1567323802.3532119,"logger":"fallback-logger","caller":"logging/config.go:69","msg":"Fetch GitHub commit ID from kodata failed: \"ref: refs/heads/master\" is not a valid GitHub commit ID"}
{"level":"info","ts":1567323802.3537147,"logger":"fallback-logger","caller":"creds-init/main.go:40","msg":"Credentials initialized."}

Showing logs for build [32mdanielma911-aks-http-demo-maste-1[0m stage [32mfrom-build-pack[0m and container [32mstep-working-dir-initializer-5pvch[0m
{"level":"warn","ts":1567323805.0227733,"logger":"fallback-logger","caller":"logging/config.go:69","msg":"Fetch GitHub commit ID from kodata failed: open /var/run/ko/HEAD: no such file or directory"}
{"level":"info","ts":1567323805.0252173,"logger":"fallback-logger","caller":"bash/main.go:65","msg":"Successfully executed command \"mkdir -p /workspace/source /workspace/source/charts/aks-http-demo\""}

Showing logs for build [32mdanielma911-aks-http-demo-maste-1[0m stage [32mfrom-build-pack[0m and container [32mstep-place-tools[0m

Showing logs for build [32mdanielma911-aks-http-demo-maste-1[0m stage [32mfrom-build-pack[0m and container [32mstep-git-source-danielma911-aks-http-demo-maste-hb5qb[0m
{"level":"warn","ts":1567323819.0302985,"logger":"fallback-logger","caller":"logging/config.go:69","msg":"Fetch GitHub commit ID from kodata failed: \"ref: refs/heads/master\" is not a valid GitHub commit ID"}
{"level":"info","ts":1567323819.6088064,"logger":"fallback-logger","caller":"git/git.go:102","msg":"Successfully cloned https://github.com/***********/aks-http-demo.git @ v0.0.1 in path /workspace/source"}

Showing logs for build [32mdanielma911-aks-http-demo-maste-1[0m stage [32mfrom-build-pack[0m and container [32mstep-git-merge[0m
Using SHAs from PULL_REFS=master:90921e1dd6487b1edfbc65784fe7b8b8151b2507
WARNING: no SHAs to merge, falling back to initial cloned commit

Showing logs for build [32mdanielma911-aks-http-demo-maste-1[0m stage [32mfrom-build-pack[0m and container [32mstep-setup-jx-git-credentials[0m
Generated Git credentials file /workspace/xdg_config/git/credentials

Showing logs for build [32mdanielma911-aks-http-demo-maste-1[0m stage [32mfrom-build-pack[0m and container [32mstep-build-make-build[0m
CGO_ENABLED=0 GO15VENDOREXPERIMENT=1 go build -ldflags '' -o bin/aks-http-demo main.go

Showing logs for build [32mdanielma911-aks-http-demo-maste-1[0m stage [32mfrom-build-pack[0m and container [32mstep-build-container-build[0m
[36mINFO[0m[0000] No base image, nothing to extract            
[36mINFO[0m[0000] cmd: EXPOSE                                  
[36mINFO[0m[0000] Adding exposed port: 8080/tcp                
[36mINFO[0m[0000] Using files from context: [/workspace/source/bin] 
[36mINFO[0m[0000] Skipping unpacking as no commands require it. 
[36mINFO[0m[0000] Taking snapshot of full filesystem...        
[36mINFO[0m[0000] EXPOSE 8080                                  
[36mINFO[0m[0000] cmd: EXPOSE                                  
[36mINFO[0m[0000] Adding exposed port: 8080/tcp                
[36mINFO[0m[0000] No files changed in this command, skipping snapshotting. 
[36mINFO[0m[0000] ENTRYPOINT ["/aks-http-demo"]                
[36mINFO[0m[0000] No files changed in this command, skipping snapshotting. 
[36mINFO[0m[0000] Using files from context: [/workspace/source/bin] 
[36mINFO[0m[0000] COPY ./bin/ /                                
[36mINFO[0m[0000] Taking snapshot of files...                  
2019/09/01 07:43:46 pushed blob: sha256:7cc13778c5b177881fc75249d647c69fddbe061a101368e99a7d9672e658d6cc
2019/09/01 07:43:46 pushed blob: sha256:3a972f3cb8ff812332139389429b04b1f9aba4b6f8d264eb3ac35f3d218e9f77
2019/09/01 07:43:47 foenebula.azurecr.io/***********/aks-http-demo:0.0.1: digest: sha256:5d189f878dd2a1f3dc68888a80f5b4c35c67810ab88c132c871c1162bb8b9f88 size: 428

Showing logs for build [32mdanielma911-aks-http-demo-maste-1[0m stage [32mfrom-build-pack[0m and container [32mstep-build-post-build[0m
no CVE provider running in the current ** namespace so skip adding image to be analysed

Showing logs for build [32mdanielma911-aks-http-demo-maste-1[0m stage [32mfrom-build-pack[0m and container [32mstep-promote-changelog[0m
Converted /workspace/source/charts/aks-http-demo to an unshallow repository
no previous commit version found so change diff unavailable

Showing logs for build [32mdanielma911-aks-http-demo-maste-1[0m stage [32mfrom-build-pack[0m and container [32mstep-promote-helm-release[0m
WARNING: No $CHART_REPOSITORY defined so using the default value of: http://jenkins-x-chartmuseum:8080
Adding missing Helm repo: storage.googleapis.com https://storage.googleapis.com/chartmuseum.jenkins-x.io
Successfully added Helm repository storage.googleapis.com.
Adding missing Helm repo: jenkins-x-chartmuseum http://jenkins-x-chartmuseum:8080
Successfully added Helm repository jenkins-x-chartmuseum.
WARNING: No $CHART_REPOSITORY defined so using the default value of: http://jenkins-x-chartmuseum:8080
Uploading chart file aks-http-demo-0.0.1.tgz to http://jenkins-x-chartmuseum:8080/api/charts
Received 201 response: {"saved":true}

Showing logs for build [32mdanielma911-aks-http-demo-maste-1[0m stage [32mfrom-build-pack[0m and container [32mstep-promote-jx-promote[0m
WARNING: prow based install so skip waiting for the merge of Pull Requests to go green as currently there is an issue with gettingstatuses from the PR, see https://github.com/jenkins-x/**/issues/2410
Promoting app aks-http-demo version 0.0.1 to namespace **-staging
Created Pull Request: https://github.com/***********/environment-headquark-staging/pull/1
Added label  to Pull Request https://github.com/***********/environment-headquark-staging/pull/1
Pull Request https://github.com/***********/environment-headquark-staging/pull/1 is merged at sha 7598e7701e9db7eb4c8d1b2d70be04d975b3e3bb
Pull Request merged but we are not waiting for the update pipeline to complete!
WARNING: Could not find the service URL in namespace **-staging for names aks-http-demo, **-aks-http-demo, **-staging-aks-http-demo
