
Showing logs for build [32mdanielma911-aks-http-demo-maste-tgp2s-2[0m stage [32mmeta-pipeline[0m and container [32mstep-credential-initializer-626qs[0m
{"level":"warn","ts":1567324933.427146,"logger":"fallback-logger","caller":"logging/config.go:69","msg":"Fetch GitHub commit ID from kodata failed: \"ref: refs/heads/master\" is not a valid GitHub commit ID"}
{"level":"info","ts":1567324933.4275877,"logger":"fallback-logger","caller":"creds-init/main.go:40","msg":"Credentials initialized."}

Showing logs for build [32mdanielma911-aks-http-demo-maste-tgp2s-2[0m stage [32mmeta-pipeline[0m and container [32mstep-working-dir-initializer-tqqgr[0m
{"level":"warn","ts":1567324935.9503024,"logger":"fallback-logger","caller":"logging/config.go:69","msg":"Fetch GitHub commit ID from kodata failed: open /var/run/ko/HEAD: no such file or directory"}
{"level":"info","ts":1567324935.9517298,"logger":"fallback-logger","caller":"bash/main.go:65","msg":"Successfully executed command \"mkdir -p /workspace/source\""}

Showing logs for build [32mdanielma911-aks-http-demo-maste-tgp2s-2[0m stage [32mmeta-pipeline[0m and container [32mstep-place-tools[0m

Showing logs for build [32mdanielma911-aks-http-demo-maste-tgp2s-2[0m stage [32mmeta-pipeline[0m and container [32mstep-git-source-meta-danielma911-aks-http-demo-85qs2[0m
{"level":"warn","ts":1567324953.2595618,"logger":"fallback-logger","caller":"logging/config.go:69","msg":"Fetch GitHub commit ID from kodata failed: \"ref: refs/heads/master\" is not a valid GitHub commit ID"}
{"level":"info","ts":1567324953.8714535,"logger":"fallback-logger","caller":"git/git.go:102","msg":"Successfully cloned https://github.com/***********/aks-http-demo.git @ f0f6e45eb0457f4b73d7eba8ef4c5b7521ae2e5a in path /workspace/source"}

Showing logs for build [32mdanielma911-aks-http-demo-maste-tgp2s-2[0m stage [32mmeta-pipeline[0m and container [32mstep-git-merge[0m
Using SHAs from PULL_REFS=master:f0f6e45eb0457f4b73d7eba8ef4c5b7521ae2e5a
WARNING: no SHAs to merge, falling back to initial cloned commit

Showing logs for build [32mdanielma911-aks-http-demo-maste-tgp2s-2[0m stage [32mmeta-pipeline[0m and container [32mstep-merge-pull-refs[0m
SKIP merge-pull-refs: Nothing to merge

Showing logs for build [32mdanielma911-aks-http-demo-maste-tgp2s-2[0m stage [32mmeta-pipeline[0m and container [32mstep-create-effective-pipeline[0m
Deleting and cloning the Jenkins X versions repo
Cloning the Jenkins X versions repo https://github.com/jenkins-x/jenkins-x-versions.git with ref refs/heads/master to /builder/home/.**/jenkins-x-versions
Effective pipeline written to jenkins-x-release-effective.yml

Showing logs for build [32mdanielma911-aks-http-demo-maste-tgp2s-2[0m stage [32mmeta-pipeline[0m and container [32mstep-create-tekton-crds[0m
running command: echo \$(**-release-version) > VERSION

running command: ** step tag --version \$(cat VERSION)
Updating chart version in charts/aks-http-demo/Chart.yaml to 0.0.2
Updating repository in charts/aks-http-demo/values.yaml to foenebula.azurecr.io/***********/aks-http-demo
Updating tag in charts/aks-http-demo/values.yaml to 0.0.2
Tag v0.0.2 created and pushed to remote origin

WARNING: failed to find secret kaniko-secret in namespace **: secrets "kaniko-secret" not found
PipelineActivity for ***********-aks-http-demo-master-2
Applying changes 
upserted PipelineResource ***********-aks-http-demo-maste for the git repository https://github.com/***********/aks-http-demo.git
upserted Task ***********-aks-http-demo-maste-tgp2s-from-build-pack-2
upserted Pipeline ***********-aks-http-demo-maste-tgp2s-2
created PipelineRun ***********-aks-http-demo-maste-tgp2s-2
created PipelineStructure ***********-aks-http-demo-maste-tgp2s-2

Showing logs for build [32mdanielma911-aks-http-demo-maste-tgp2s-2[0m stage [32mfrom-build-pack[0m and container [32mstep-credential-initializer-2fp8q[0m
{"level":"warn","ts":1567324969.180476,"logger":"fallback-logger","caller":"logging/config.go:69","msg":"Fetch GitHub commit ID from kodata failed: \"ref: refs/heads/master\" is not a valid GitHub commit ID"}
{"level":"info","ts":1567324969.1810298,"logger":"fallback-logger","caller":"creds-init/main.go:40","msg":"Credentials initialized."}

Showing logs for build [32mdanielma911-aks-http-demo-maste-tgp2s-2[0m stage [32mfrom-build-pack[0m and container [32mstep-working-dir-initializer-8p2kw[0m
{"level":"warn","ts":1567324970.7276418,"logger":"fallback-logger","caller":"logging/config.go:69","msg":"Fetch GitHub commit ID from kodata failed: open /var/run/ko/HEAD: no such file or directory"}
{"level":"info","ts":1567324970.7290726,"logger":"fallback-logger","caller":"bash/main.go:65","msg":"Successfully executed command \"mkdir -p /workspace/source /workspace/source/charts/aks-http-demo\""}

Showing logs for build [32mdanielma911-aks-http-demo-maste-tgp2s-2[0m stage [32mfrom-build-pack[0m and container [32mstep-place-tools[0m

Showing logs for build [32mdanielma911-aks-http-demo-maste-tgp2s-2[0m stage [32mfrom-build-pack[0m and container [32mstep-git-source-danielma911-aks-http-demo-maste-zvkg6[0m
{"level":"warn","ts":1567324982.7306054,"logger":"fallback-logger","caller":"logging/config.go:69","msg":"Fetch GitHub commit ID from kodata failed: \"ref: refs/heads/master\" is not a valid GitHub commit ID"}
{"level":"info","ts":1567324983.2969913,"logger":"fallback-logger","caller":"git/git.go:102","msg":"Successfully cloned https://github.com/***********/aks-http-demo.git @ v0.0.2 in path /workspace/source"}

Showing logs for build [32mdanielma911-aks-http-demo-maste-tgp2s-2[0m stage [32mfrom-build-pack[0m and container [32mstep-git-merge[0m
Using SHAs from PULL_REFS=master:f0f6e45eb0457f4b73d7eba8ef4c5b7521ae2e5a
WARNING: no SHAs to merge, falling back to initial cloned commit

Showing logs for build [32mdanielma911-aks-http-demo-maste-tgp2s-2[0m stage [32mfrom-build-pack[0m and container [32mstep-setup-jx-git-credentials[0m
Generated Git credentials file /workspace/xdg_config/git/credentials

Showing logs for build [32mdanielma911-aks-http-demo-maste-tgp2s-2[0m stage [32mfrom-build-pack[0m and container [32mstep-build-make-build[0m
CGO_ENABLED=0 GO15VENDOREXPERIMENT=1 go build -ldflags '' -o bin/aks-http-demo main.go

Showing logs for build [32mdanielma911-aks-http-demo-maste-tgp2s-2[0m stage [32mfrom-build-pack[0m and container [32mstep-build-container-build[0m
[36mINFO[0m[0000] No base image, nothing to extract            
[36mINFO[0m[0000] cmd: EXPOSE                                  
[36mINFO[0m[0000] Adding exposed port: 8080/tcp                
[36mINFO[0m[0000] Using files from context: [/workspace/source/bin] 
[36mINFO[0m[0000] Skipping unpacking as no commands require it. 
[36mINFO[0m[0000] Taking snapshot of full filesystem...        
[36mINFO[0m[0000] EXPOSE 8080                                  
[36mINFO[0m[0000] cmd: EXPOSE                                  
[36mINFO[0m[0000] Adding exposed port: 8080/tcp                
[36mINFO[0m[0000] No files changed in this command, skipping snapshotting. 
[36mINFO[0m[0000] ENTRYPOINT ["/aks-http-demo"]                
[36mINFO[0m[0000] No files changed in this command, skipping snapshotting. 
[36mINFO[0m[0000] Using files from context: [/workspace/source/bin] 
[36mINFO[0m[0000] COPY ./bin/ /                                
[36mINFO[0m[0000] Taking snapshot of files...                  
2019/09/01 08:03:08 pushed blob: sha256:8cdc9f98233019d74667cc78940781c95177a9aef974bad0d851b02ce3c0d222
2019/09/01 08:03:09 pushed blob: sha256:9580bbbdbfb0fa4f1b308d867dda35406a8d12a6be12575cdbe1a473a55facce
2019/09/01 08:03:09 foenebula.azurecr.io/***********/aks-http-demo:0.0.2: digest: sha256:f0526fec3f00b1a086835e1deef474bb2fce74f1ce5c9c541031d22327d51574 size: 428

Showing logs for build [32mdanielma911-aks-http-demo-maste-tgp2s-2[0m stage [32mfrom-build-pack[0m and container [32mstep-build-post-build[0m
no CVE provider running in the current ** namespace so skip adding image to be analysed

Showing logs for build [32mdanielma911-aks-http-demo-maste-tgp2s-2[0m stage [32mfrom-build-pack[0m and container [32mstep-promote-changelog[0m
Converted /workspace/source/charts/aks-http-demo to an unshallow repository
Generating change log from git ref 02078f733361b43f97385f6e21e8c16c40248b42 => 9644abda6616f61c7e768af832871f1332de69c9
Associating user x-0 in users.jenkins.io with email dma@paloaltonetworks.com to git GitProvider user with login -0 as emails match
Adding label jenkins.io/git-github-userid=-0 to user x-0 in users.jenkins.io
WARNING: Failed to enrich commit f0f6e45eb0457f4b73d7eba8ef4c5b7521ae2e5a with issues: User.jenkins.io "x-0" is invalid: metadata.labels: Invalid value: "-0": a valid label must be an empty string or consist of alphanumeric characters, '-', '_' or '.', and must start and end with an alphanumeric character (e.g. 'MyValue',  or 'my_value',  or '12345', regex used for validation is '(([A-Za-z0-9][-A-Za-z0-9_.]*)?[A-Za-z0-9])?')
Finding issues in commit messages using git format
WARNING: No release found for ***********/aks-http-demo and tag v0.0.2 so creating a new release
Updated the release information at https://github.com/***********/aks-http-demo/releases/tag/v0.0.2
generated: /workspace/source/charts/aks-http-demo/templates/release.yaml
Created Release aks-http-demo-0-0-2 resource in namespace **
Updating PipelineActivity ***********-aks-http-demo-master-2 with version 0.0.2
Updated PipelineActivities ***********-aks-http-demo-master-2 with release notes URL: https://github.com/***********/aks-http-demo/releases/tag/v0.0.2

Showing logs for build [32mdanielma911-aks-http-demo-maste-tgp2s-2[0m stage [32mfrom-build-pack[0m and container [32mstep-promote-helm-release[0m
WARNING: No $CHART_REPOSITORY defined so using the default value of: http://jenkins-x-chartmuseum:8080
Adding missing Helm repo: storage.googleapis.com https://storage.googleapis.com/chartmuseum.jenkins-x.io
Successfully added Helm repository storage.googleapis.com.
Adding missing Helm repo: jenkins-x-chartmuseum http://jenkins-x-chartmuseum:8080
Successfully added Helm repository jenkins-x-chartmuseum.
WARNING: No $CHART_REPOSITORY defined so using the default value of: http://jenkins-x-chartmuseum:8080
Uploading chart file aks-http-demo-0.0.2.tgz to http://jenkins-x-chartmuseum:8080/api/charts
Received 201 response: {"saved":true}

Showing logs for build [32mdanielma911-aks-http-demo-maste-tgp2s-2[0m stage [32mfrom-build-pack[0m and container [32mstep-promote-jx-promote[0m
WARNING: prow based install so skip waiting for the merge of Pull Requests to go green as currently there is an issue with gettingstatuses from the PR, see https://github.com/jenkins-x/**/issues/2410
Promoting app aks-http-demo version 0.0.2 to namespace **-staging
Created Pull Request: https://github.com/***********/environment-headquark-staging/pull/2
Added label  to Pull Request https://github.com/***********/environment-headquark-staging/pull/2
Pull Request https://github.com/***********/environment-headquark-staging/pull/2 is merged at sha 70ced362a2e55f9ac1f2692d2fbbf1f1ee8cc4fc
Pull Request merged but we are not waiting for the update pipeline to complete!
